<?xml version="1.0" encoding="UTF-8"?>
<!-- Generated by org.testng.reporters.JUnitXMLReporter -->
<testsuite hostname="BDC8-LX-5111KRH" name="HPETest" tests="1" failures="1" timestamp="18 May 2017 18:38:12 GMT" time="57.254" errors="0">
  <testcase name="TC_134_ValidateErrorMessageForWrongUsername" time="57.201" classname="Regression_Utilities.HPETest">
    <failure type="org.openqa.selenium.NoSuchElementException" message="Element with by xpath &amp;apos;xpath|(//*[@label=&amp;quot;Address&amp;quot;])[2]			&amp;apos; wasn&amp;apos;t found.
For documentation on this error, please visit: http://seleniumhq.org/exceptions/no_such_element.html
Build info: version: &amp;apos;2.48.2&amp;apos;, revision: &amp;apos;41bccdd10cf2c0560f637404c2d96164b67d9d67&amp;apos;, time: &amp;apos;2015-10-09 13:08:06&amp;apos;
System info: host: &amp;apos;BDC8-LX-5111KRH&amp;apos;, ip: &amp;apos;192.168.1.5&amp;apos;, os.name: &amp;apos;Windows 10&amp;apos;, os.arch: &amp;apos;amd64&amp;apos;, os.version: &amp;apos;10.0&amp;apos;, java.version: &amp;apos;1.8.0_121&amp;apos;
Driver info: driver.version: unknown">
      <![CDATA[org.openqa.selenium.NoSuchElementException: Element with by xpath 'xpath|(//*[@label="Address"])[2]			' wasn't found.
For documentation on this error, please visit: http://seleniumhq.org/exceptions/no_such_element.html
Build info: version: '2.48.2', revision: '41bccdd10cf2c0560f637404c2d96164b67d9d67', time: '2015-10-09 13:08:06'
System info: host: 'BDC8-LX-5111KRH', ip: '192.168.1.5', os.name: 'Windows 10', os.arch: 'amd64', os.version: '10.0', java.version: '1.8.0_121'
Driver info: driver.version: unknown
	at com.perfectomobile.selenium.MobileApplication.getSingleElement(MobileApplication.java:369)
	at com.perfectomobile.selenium.MobileApplication.findElementByXPath(MobileApplication.java:211)
	at org.openqa.selenium.By$ByXPath.findElement(By.java:361)
	at com.perfectomobile.selenium.MobileApplication.findElement(MobileApplication.java:150)
	at Libraries.HPEOperations.EnterURL(HPEOperations.java:221)
	at Libraries.HPEOperations.Install_App_HPE_GO_iphone7and6S(HPEOperations.java:333)
	at Libraries.HPEOperations.Install_App_HPE_GO_iOS(HPEOperations.java:367)
	at Libraries.HPECommonFunctions.Open_App_HPE_iOS(HPECommonFunctions.java:148)
	at Libraries.HPECommonFunctions.Open_App_HPE(HPECommonFunctions.java:126)
	at Regression_Utilities.HPETest.TC_134_ValidateErrorMessageForWrongUsername(HPETest.java:88)
	at java.util.concurrent.FutureTask.run(FutureTask.java:266)
	at java.util.concurrent.ThreadPoolExecutor.runWorker(ThreadPoolExecutor.java:1142)
	at java.util.concurrent.ThreadPoolExecutor$Worker.run(ThreadPoolExecutor.java:617)
	at java.lang.Thread.run(Thread.java:745)
... Removed 16 stack frames]]>
    </failure>
  </testcase> <!-- TC_134_ValidateErrorMessageForWrongUsername -->
</testsuite> <!-- HPETest -->
